<?xml version="1.0" encoding="UTF-8"?>
<!-- Generated by org.testng.reporters.JUnitReportReporter -->
<testsuite hostname="LAPTOP-JNI4732S" failures="0" tests="3" name="com.TestNGBasics.AnnationEnabled" time="0.011" errors="0" timestamp="2024-09-05T12:27:20 IST" skipped="1">
  <testcase classname="com.TestNGBasics.AnnationEnabled" name="deleteEmploye" time="0.008"/>
  <system-out/>
  <testcase classname="com.TestNGBasics.AnnationEnabled" name="editEmploye" time="0.003"/>
  <system-out/>
  <testcase classname="com.TestNGBasics.AnnationEnabled" name="addEmploye">
    <skipped/>
  </testcase> <!-- addEmploye -->
  <system-out/>
</testsuite> <!-- com.TestNGBasics.AnnationEnabled -->
