<?xml version="1.0" encoding="UTF-8"?>
<!-- Generated by org.testng.reporters.JUnitReportReporter -->
<testsuite hostname="LAPTOP-JNI4732S" failures="0" tests="1" name="com.TestNGBasics.TestNGAnnationExample" time="0.007" errors="0" timestamp="2024-09-05T12:20:33 IST" skipped="0">
  <testcase classname="com.TestNGBasics.TestNGAnnationExample" name="testcase1" time="0.007"/>
  <system-out/>
</testsuite> <!-- com.TestNGBasics.TestNGAnnationExample -->
