<?xml version="1.0" encoding="UTF-8"?>
<!-- Generated by org.testng.reporters.JUnitReportReporter -->
<testsuite hostname="LAPTOP-JNI4732S" failures="0" tests="1" name="com.TestNGBasics.TestNGAnnotations" time="0.017" errors="0" timestamp="2024-09-05T12:13:56 IST" skipped="0">
  <testcase classname="com.TestNGBasics.TestNGAnnotations" name="firstTest" time="0.017"/>
  <system-out/>
</testsuite> <!-- com.TestNGBasics.TestNGAnnotations -->
