<?xml version="1.0" encoding="UTF-8"?>
<!-- Generated by org.testng.reporters.JUnitReportReporter -->
<testsuite hostname="LAPTOP-JNI4732S" failures="0" tests="3" name="com.TestNGBasics.AnnotationsAlpha" time="0.017" errors="0" timestamp="2024-09-05T12:23:20 IST" skipped="0">
  <testcase classname="com.TestNGBasics.AnnotationsAlpha" name="addEmploye" time="0.012"/>
  <system-out/>
  <testcase classname="com.TestNGBasics.AnnotationsAlpha" name="deleteEmploye" time="0.003"/>
  <system-out/>
  <testcase classname="com.TestNGBasics.AnnotationsAlpha" name="editEmploye" time="0.002"/>
  <system-out/>
</testsuite> <!-- com.TestNGBasics.AnnotationsAlpha -->
